<?xml version="1.0" encoding="UTF-8"?>
<!-- Generated by org.testng.reporters.JUnitReportReporter -->
<testsuite hostname="Sateesh" failures="0" tests="2" name="com.annotations.Paralleltestng" time="37.599" errors="0" timestamp="2023-01-03T13:37:24 IST" skipped="0">
  <testcase classname="com.annotations.Paralleltestng" name="logotest" time="19.291"/>
  <system-out/>
  <testcase classname="com.annotations.Paralleltestng" name="homepagetitle1" time="18.308"/>
  <system-out/>
</testsuite> <!-- com.annotations.Paralleltestng -->
